2018-11-17 21:31:34.357 [main] INFO  org.apache.camel.impl.DefaultCamelContext - Apache Camel 2.15.1 (CamelContext: camel-1) is starting
2018-11-17 21:31:34.357 [main] INFO  org.apache.camel.management.ManagedManagementStrategy - JMX is enabled
2018-11-17 21:31:34.437 [main] INFO  org.apache.camel.impl.converter.DefaultTypeConverter - Loaded 186 type converters
2018-11-17 21:31:34.457 [main] INFO  org.apache.camel.impl.DefaultCamelContext - AllowUseOriginalMessage is enabled. If access to the original message is not needed, then its recommended to turn this option off as it may improve performance.
2018-11-17 21:31:34.457 [main] INFO  org.apache.camel.impl.DefaultCamelContext - StreamCaching is not in use. If using streams then its recommended to enable stream caching. See more details at http://camel.apache.org/stream-caching.html
2018-11-17 21:31:34.457 [main] INFO  org.apache.camel.impl.DefaultCamelContext - Total 0 routes, of which 0 is started.
2018-11-17 21:31:34.457 [main] INFO  org.apache.camel.impl.DefaultCamelContext - Apache Camel 2.15.1 (CamelContext: camel-1) started in 0.100 seconds
2018-11-17 21:31:34.556 [main] INFO  org.apache.camel.impl.DefaultCamelContext - Route: route1 started and consuming from: Endpoint[direct://outputToCsv]
2018-11-17 21:31:34.620 [main] INFO  org.apache.camel.processor.aggregate.AggregateProcessor - Defaulting to MemoryAggregationRepository
2018-11-17 21:31:34.621 [main] INFO  org.apache.camel.processor.aggregate.AggregateProcessor - Using CompletionInterval to run every 60000 millis.
2018-11-17 21:31:34.639 [main] INFO  org.apache.camel.impl.DefaultCamelContext - Route: route2 started and consuming from: Endpoint[direct://transformPayloadToCsv]
2018-11-17 21:31:34.791 [main] INFO  org.apache.camel.impl.DefaultCamelContext - Route: route3 started and consuming from: Endpoint[http://localhost:8080/api/jsontocsv/post?restletMethods=POST]
2018-11-17 21:31:36.288 [Restlet-858204589] INFO  com.josh.main.Main - Batch(0310abf6-d1f5-a1b3-8fb0-36fe934b1f28):	{"batchId":"0310abf6-d1f5-a1b3-8fb0-36fe934b1f28","records":[{"transId":"0000abf8-d1f5-4536-8fb0-36fe934b1f28","transTms":"20151022102011927EDT","rcNum":"10002","clientId":"RPS-00001","event":[{"eventCnt":1,"locationCd":"DESTINATION","locationId1":"T8C","locationId2":"1J7","addrNbr":"0000000001"},{"eventCnt":1,"locationCd":"CUSTOMER NUMBER","locationId1":"0007316971"},{"eventCnt":1,"locationCd":"OUTLET ID","locationId1":"I029"}]},{"transId":"0000abf8-d1f5-4536-8fb0-36fe934b1f28","transTms":"20151022102011927EDT","rcNum":"10002","clientId":"RPS-00001","event":[{"eventCnt":1,"locationCd":"DESTINATION","locationId1":"T8C","locationId2":"1J7","addrNbr":"0000000001"},{"eventCnt":1,"locationCd":"CUSTOMER NUMBER","locationId1":"0007316971"},{"eventCnt":1,"locationCd":"OUTLET ID","locationId1":"I029"}]},{"transId":"0000abf8-d1f5-4536-8fb0-36fe934b1f28","transTms":"20151022102011927EDT","rcNum":"10002","clientId":"RPS-00001","event":[{"eventCnt":1,"locationCd":"DESTINATION","locationId1":"T8C","locationId2":"1J7","addrNbr":"0000000001"},{"eventCnt":1,"locationCd":"CUSTOMER NUMBER","locationId1":"0007316971"},{"eventCnt":1,"locationCd":"OUTLET ID","locationId1":"I029"}]}]}
2018-11-17 21:31:36.302 [Restlet-858204589] INFO  split - Exchange[ExchangePattern: InOut, BodyType: java.util.LinkedHashMap, Body: {transId=0000abf8-d1f5-4536-8fb0-36fe934b1f28, transTms=20151022102011927EDT, rcNum=10002, clientId=RPS-00001}]
2018-11-17 21:31:36.303 [Restlet-858204589] INFO  split - Exchange[ExchangePattern: InOut, BodyType: java.util.LinkedHashMap, Body: {transId=0000abf8-d1f5-4536-8fb0-36fe934b1f28, transTms=20151022102011927EDT, rcNum=10002, clientId=RPS-00001}]
2018-11-17 21:31:36.305 [Restlet-858204589] INFO  split - Exchange[ExchangePattern: InOut, BodyType: java.util.LinkedHashMap, Body: {transId=0000abf8-d1f5-4536-8fb0-36fe934b1f28, transTms=20151022102011927EDT, rcNum=10002, clientId=RPS-00001}]
2018-11-17 21:31:36.306 [Restlet-858204589] INFO  com.josh.main.Main - Batch(0310abf6-d1f5-a1b3-8fb0-36fe934b1f28):	{transId=0000abf8-d1f5-4536-8fb0-36fe934b1f28, transTms=20151022102011927EDT, rcNum=10002, clientId=RPS-00001}
{transId=0000abf8-d1f5-4536-8fb0-36fe934b1f28, transTms=20151022102011927EDT, rcNum=10002, clientId=RPS-00001}
{transId=0000abf8-d1f5-4536-8fb0-36fe934b1f28, transTms=20151022102011927EDT, rcNum=10002, clientId=RPS-00001}
2018-11-17 21:31:44.793 [main] INFO  org.apache.camel.impl.DefaultCamelContext - Apache Camel 2.15.1 (CamelContext: camel-1) is shutting down
2018-11-17 21:31:44.793 [main] INFO  org.apache.camel.impl.DefaultShutdownStrategy - Starting to graceful shutdown 3 routes (timeout 300 seconds)
2018-11-17 21:31:44.795 [Camel (camel-1) thread #1 - ShutdownTask] INFO  org.apache.camel.impl.DefaultShutdownStrategy - Route: route3 shutdown complete, was consuming from: Endpoint[http://localhost:8080/api/jsontocsv/post?restletMethods=POST]
2018-11-17 21:31:44.796 [Camel (camel-1) thread #1 - ShutdownTask] INFO  org.apache.camel.impl.DefaultShutdownStrategy - Route: route2 shutdown complete, was consuming from: Endpoint[direct://transformPayloadToCsv]
2018-11-17 21:31:44.796 [Camel (camel-1) thread #1 - ShutdownTask] INFO  org.apache.camel.impl.DefaultShutdownStrategy - Route: route1 shutdown complete, was consuming from: Endpoint[direct://outputToCsv]
2018-11-17 21:31:44.796 [main] INFO  org.apache.camel.impl.DefaultShutdownStrategy - Graceful shutdown of 3 routes completed in 0 seconds
2018-11-17 21:31:44.800 [main] INFO  org.apache.camel.impl.DefaultCamelContext - Apache Camel 2.15.1 (CamelContext: camel-1) uptime 10.443 seconds
2018-11-17 21:31:44.800 [main] INFO  org.apache.camel.impl.DefaultCamelContext - Apache Camel 2.15.1 (CamelContext: camel-1) is shutdown in 0.007 seconds
